<?xml version="1.0" encoding="UTF-8"?>
<!-- Generated by org.testng.reporters.JUnitXMLReporter -->
<testsuite ignored="0" hostname="DESKTOP-3OCF0EL" failures="0" tests="2" name="Dashboard Login Suit" time="50.299" errors="0" timestamp="26 Sep. 2020 21:56:04 GMT">
  <testcase classname="co.fido.qa.selenium.TestCases.HomePageTest" name="HomePageTest" time="4.92"/>
  <testcase classname="co.fido.qa.selenium.TestCases.PhonePageTest" name="PhonePageTest" time="41.836"/>
</testsuite> <!-- Dashboard Login Suit -->
