<?xml version="1.0" encoding="UTF-8"?>
<!-- Generated by org.testng.reporters.JUnitXMLReporter -->
<testsuite ignored="0" hostname="DESKTOP-3OCF0EL" failures="0" tests="2" name="Dashboard Login Suit" time="39.54" errors="0" timestamp="26 Sep. 2020 16:21:54 GMT">
  <testcase classname="co.fido.qa.selenium.TestCases.HomePageTest" name="HomePageTest" time="4.695"/>
  <testcase classname="co.fido.qa.selenium.TestCases.PhonePageTest" name="PhonePageTest" time="32.671"/>
</testsuite> <!-- Dashboard Login Suit -->
